#
# There is insufficient memory for the Java Runtime Environment to continue.
# Native memory allocation (mmap) failed to map 266338304 bytes for G1 virtual space
# Possible reasons:
#   The system is out of physical RAM or swap space
#   The process is running with CompressedOops enabled, and the Java Heap may be blocking the growth of the native heap
# Possible solutions:
#   Reduce memory load on the system
#   Increase physical memory or swap space
#   Check if swap backing store is full
#   Decrease Java heap size (-Xmx/-Xms)
#   Decrease number of Java threads
#   Decrease Java thread stack sizes (-Xss)
#   Set larger code cache with -XX:ReservedCodeCacheSize=
#   JVM is running with Zero Based Compressed Oops mode in which the Java heap is
#     placed in the first 32GB address space. The Java Heap base address is the
#     maximum limit for the native heap growth. Please use -XX:HeapBaseMinAddress
#     to set the Java Heap base and to place the Java Heap above 32GB virtual address.
# This output file may be truncated or incomplete.
#
#  Out of Memory Error (os_windows.cpp:3469), pid=15516, tid=11644
#
# JRE version:  (17.0+35) (build )
# Java VM: Java HotSpot(TM) 64-Bit Server VM (17+35-LTS-2724, mixed mode, sharing, tiered, compressed oops, compressed class ptrs, g1 gc, windows-amd64)
# No core dump will be written. Minidumps are not enabled by default on client versions of Windows
#

---------------  S U M M A R Y ------------

Command Line: -Dfile.encoding=Cp1252 -XX:+ShowCodeDetailsInExceptionMessages Agenda.Main

Host: Intel(R) Core(TM) i7-8750H CPU @ 2.20GHz, 12 cores, 15G,  Windows 10 , 64 bit Build 19041 (10.0.19041.1706)
Time: Fri Jun 17 10:08:12 2022 Hora oficial do Brasil elapsed time: 0.018828 seconds (0d 0h 0m 0s)

---------------  T H R E A D  ---------------

Current thread (0x00000292a4efa560):  JavaThread "Unknown thread" [_thread_in_vm, id=11644, stack(0x000000c1e0a00000,0x000000c1e0b00000)]

Stack: [0x000000c1e0a00000,0x000000c1e0b00000]
Native frames: (J=compiled Java code, j=interpreted, Vv=VM code, C=native code)
V  [jvm.dll+0x66f8ea]
V  [jvm.dll+0x7ce224]
V  [jvm.dll+0x7cf9ce]
V  [jvm.dll+0x7d0033]
V  [jvm.dll+0x242bb5]
V  [jvm.dll+0x66c909]
V  [jvm.dll+0x6613d2]
V  [jvm.dll+0x30082b]
V  [jvm.dll+0x307db6]
V  [jvm.dll+0x357a0e]
V  [jvm.dll+0x357c3f]
V  [jvm.dll+0x2d7ae8]
V  [jvm.dll+0x2d8a54]
V  [jvm.dll+0x7a00a1]
V  [jvm.dll+0x365781]
V  [jvm.dll+0x77f59c]
V  [jvm.dll+0x3e805f]
V  [jvm.dll+0x3e9b01]
C  [jli.dll+0x527b]
C  [ucrtbase.dll+0x21bb2]
C  [KERNEL32.DLL+0x17034]
C  [ntdll.dll+0x52651]


---------------  P R O C E S S  ---------------

Threads class SMR info:
_java_thread_list=0x00007ffe56687818, length=0, elements={
}

Java Threads: ( => current thread )

Other Threads:
  0x00000292a4f4a8e0 GCTaskThread "GC Thread#0" [stack: 0x000000c1e0b00000,0x000000c1e0c00000] [id=25000]
  0x00000292a4f9b010 ConcurrentGCThread "G1 Main Marker" [stack: 0x000000c1e0c00000,0x000000c1e0d00000] [id=10856]
  0x00000292a4f9ba20 ConcurrentGCThread "G1 Conc#0" [stack: 0x000000c1e0d00000,0x000000c1e0e00000] [id=26964]

[error occurred during error reporting (printing all threads), id 0xc0000005, EXCEPTION_ACCESS_VIOLATION (0xc0000005) at pc=0x00007ffe55ed84c7]

VM state: not at safepoint (not fully initialized)

VM Mutex/Monitor currently owned by a thread:  ([mutex/lock_event])
[0x00000292a4ef6460] Heap_lock - owner thread: 0x00000292a4efa560

Heap address: 0x0000000703200000, size: 4046 MB, Compressed Oops mode: Zero based, Oop shift amount: 3

CDS archive(s) mapped at: [0x0000000000000000-0x0000000000000000-0x0000000000000000), size 0, SharedBaseAddress: 0x0000000800000000, ArchiveRelocationMode: 0.
Narrow klass base: 0x0000000000000000, Narrow klass shift: 0, Narrow klass range: 0x0

GC Precious Log:
<Empty>

Heap:
 garbage-first heap   total 0K, used 0K [0x0000000703200000, 0x0000000800000000)
  region size 2048K, 0 young (0K), 0 survivors (0K)

[error occurred during error reporting (printing heap information), id 0xc0000005, EXCEPTION_ACCESS_VIOLATION (0xc0000005) at pc=0x00007ffe562b8c59]

GC Heap History (0 events):
No events

Deoptimization events (0 events):
No events

Classes unloaded (0 events):
No events

Classes redefined (0 events):
No events

Internal exceptions (0 events):
No events

VM Operations (0 events):
No events

Events (1 events):
Event: 0.009 Loaded shared library C:\Program Files\Java\jdk-17\bin\java.dll


Dynamic libraries:
0x00007ff7b71b0000 - 0x00007ff7b71c0000 	C:\Program Files\Java\jdk-17\bin\javaw.exe
0x00007ffeb3930000 - 0x00007ffeb3b25000 	C:\Windows\SYSTEM32\ntdll.dll
0x00007ffeb3830000 - 0x00007ffeb38ed000 	C:\Windows\System32\KERNEL32.DLL
0x00007ffeb15e0000 - 0x00007ffeb18ad000 	C:\Windows\System32\KERNELBASE.dll
0x00007ffeb1340000 - 0x00007ffeb1440000 	C:\Windows\System32\ucrtbase.dll
0x00007ffe82370000 - 0x00007ffe82388000 	C:\Program Files\Java\jdk-17\bin\jli.dll
0x00007ffeb2680000 - 0x00007ffeb272e000 	C:\Windows\System32\ADVAPI32.dll
0x00007ffeb1d50000 - 0x00007ffeb1dee000 	C:\Windows\System32\msvcrt.dll
0x00007ffeb2c70000 - 0x00007ffeb2d0c000 	C:\Windows\System32\sechost.dll
0x00007ffe85db0000 - 0x00007ffe85dca000 	C:\Program Files\Java\jdk-17\bin\VCRUNTIME140.dll
0x00007ffeb2e40000 - 0x00007ffeb2f65000 	C:\Windows\System32\RPCRT4.dll
0x00007ffeb1980000 - 0x00007ffeb1b20000 	C:\Windows\System32\USER32.dll
0x00007ffeb1950000 - 0x00007ffeb1972000 	C:\Windows\System32\win32u.dll
0x00007ffe9a360000 - 0x00007ffe9a5fa000 	C:\Windows\WinSxS\amd64_microsoft.windows.common-controls_6595b64144ccf1df_6.0.19041.1110_none_60b5254171f9507e\COMCTL32.dll
0x00007ffeb2900000 - 0x00007ffeb292a000 	C:\Windows\System32\GDI32.dll
0x00007ffeb14d0000 - 0x00007ffeb15db000 	C:\Windows\System32\gdi32full.dll
0x00007ffeb18b0000 - 0x00007ffeb194d000 	C:\Windows\System32\msvcp_win.dll
0x00007ffea9600000 - 0x00007ffea960a000 	C:\Windows\SYSTEM32\VERSION.dll
0x00007ffeb2650000 - 0x00007ffeb2680000 	C:\Windows\System32\IMM32.DLL
0x00007ffe8c2b0000 - 0x00007ffe8c2bc000 	C:\Program Files\Java\jdk-17\bin\vcruntime140_1.dll
0x00007ffe5f5b0000 - 0x00007ffe5f63d000 	C:\Program Files\Java\jdk-17\bin\msvcp140.dll
0x00007ffe55bf0000 - 0x00007ffe567ae000 	C:\Program Files\Java\jdk-17\bin\server\jvm.dll
0x00007ffeb2f70000 - 0x00007ffeb2f78000 	C:\Windows\System32\PSAPI.DLL
0x00007ffe7abe0000 - 0x00007ffe7abe9000 	C:\Windows\SYSTEM32\WSOCK32.dll
0x00007ffea51a0000 - 0x00007ffea51c7000 	C:\Windows\SYSTEM32\WINMM.dll
0x00007ffeb2b40000 - 0x00007ffeb2bab000 	C:\Windows\System32\WS2_32.dll
0x00007ffeaf920000 - 0x00007ffeaf932000 	C:\Windows\SYSTEM32\kernel.appcore.dll
0x00007ffeabf70000 - 0x00007ffeabf7a000 	C:\Program Files\Java\jdk-17\bin\jimage.dll
0x00007ffeaee50000 - 0x00007ffeaf034000 	C:\Windows\SYSTEM32\DBGHELP.DLL
0x00007ffe98130000 - 0x00007ffe9815c000 	C:\Windows\SYSTEM32\dbgcore.DLL
0x00007ffeb1440000 - 0x00007ffeb14c2000 	C:\Windows\System32\bcryptPrimitives.dll
0x00007ffe909e0000 - 0x00007ffe90a05000 	C:\Program Files\Java\jdk-17\bin\java.dll

dbghelp: loaded successfully - version: 4.0.5 - missing functions: none
symbol engine: initialized successfully - sym options: 0x614 - pdb path: .;C:\Program Files\Java\jdk-17\bin;C:\Windows\SYSTEM32;C:\Windows\WinSxS\amd64_microsoft.windows.common-controls_6595b64144ccf1df_6.0.19041.1110_none_60b5254171f9507e;C:\Program Files\Java\jdk-17\bin\server

VM Arguments:
jvm_args: -Dfile.encoding=Cp1252 -XX:+ShowCodeDetailsInExceptionMessages 
java_command: Agenda.Main
java_class_path (initial): C:\Users\tarra\eclipse-workspace\Lab5_GuilhermeTarrasconi\bin
Launcher Type: SUN_STANDARD

[Global flags]
     intx CICompilerCount                          = 4                                         {product} {ergonomic}
     uint ConcGCThreads                            = 3                                         {product} {ergonomic}
     uint G1ConcRefinementThreads                  = 10                                        {product} {ergonomic}
   size_t G1HeapRegionSize                         = 2097152                                   {product} {ergonomic}
    uintx GCDrainStackTargetSize                   = 64                                        {product} {ergonomic}
   size_t InitialHeapSize                          = 266338304                                 {product} {ergonomic}
   size_t MarkStackSize                            = 4194304                                   {product} {ergonomic}
   size_t MaxHeapSize                              = 4242538496                                {product} {ergonomic}
   size_t MinHeapDeltaBytes                        = 2097152                                   {product} {ergonomic}
   size_t MinHeapSize                              = 8388608                                   {product} {ergonomic}
    uintx NonNMethodCodeHeapSize                   = 5839372                                {pd product} {ergonomic}
    uintx NonProfiledCodeHeapSize                  = 122909434                              {pd product} {ergonomic}
    uintx ProfiledCodeHeapSize                     = 122909434                              {pd product} {ergonomic}
    uintx ReservedCodeCacheSize                    = 251658240                              {pd product} {ergonomic}
     bool SegmentedCodeCache                       = true                                      {product} {ergonomic}
     bool ShowCodeDetailsInExceptionMessages       = true                                   {manageable} {command line}
   size_t SoftMaxHeapSize                          = 4242538496                             {manageable} {ergonomic}
     bool UseCompressedClassPointers               = true                           {product lp64_product} {ergonomic}
     bool UseCompressedOops                        = true                           {product lp64_product} {ergonomic}
     bool UseG1GC                                  = true                                      {product} {ergonomic}
     bool UseLargePagesIndividualAllocation        = false                                  {pd product} {ergonomic}

Logging:
Log output configuration:
 #0: stdout all=warning uptime,level,tags
 #1: stderr all=off uptime,level,tags

Environment Variables:
PATH=C:/Program Files/Java/jdk-17/bin/server;C:/Program Files/Java/jdk-17/bin;C:\Program Files\Common Files\Oracle\Java\javapath;C:\Program Files (x86)\Common Files\Oracle\Java\javapath;C:\Program Files (x86)\Intel\Intel(R) Management Engine Components\iCLS\;C:\Program Files\Intel\Intel(R) Management Engine Components\iCLS\;C:\Windows\system32;C:\Windows;C:\Windows\System32\Wbem;C:\Windows\System32\WindowsPowerShell\v1.0\;C:\Windows\System32\OpenSSH\;C:\Program Files\Intel\WiFi\bin\;C:\Program Files\Common Files\Intel\WirelessCommon\;C:\Program Files (x86)\NVIDIA Corporation\PhysX\Common;C:\Windows\system32;C:\Windows;C:\Windows\System32\Wbem;C:\Windows\System32\WindowsPowerShell\v1.0\;C:\Windows\System32\OpenSSH\;C:\Program Files\NVIDIA Corporation\NVIDIA NvDLISR;C:\Program Files\dotnet\;C:\Users\tarra\AppData\Local\Programs\Python\Python39\Scripts\;C:\Users\tarra\AppData\Local\Programs\Python\Python39\;C:\Users\tarra\AppData\Local\Microsoft\WindowsApps;D:\PyCharm Community Edition 2021.2.2\bin;;D:\Microsoft VS Code\bin;C:\Users\tarra\AppData\Local\GitHubDesktop\bin;C:\Users\tarra\OneDrive\Área de Trabalho;
USERNAME=tarra
OS=Windows_NT
PROCESSOR_IDENTIFIER=Intel64 Family 6 Model 158 Stepping 10, GenuineIntel



---------------  S Y S T E M  ---------------

OS:
 Windows 10 , 64 bit Build 19041 (10.0.19041.1706)
OS uptime: 7 days 20:41 hours

CPU: total 12 (initial active 12) (6 cores per cpu, 2 threads per core) family 6 model 158 stepping 10 microcode 0xea, cx8, cmov, fxsr, ht, mmx, 3dnowpref, sse, sse2, sse3, ssse3, sse4.1, sse4.2, popcnt, lzcnt, tsc, tscinvbit, avx, avx2, aes, erms, clmul, bmi1, bmi2, adx, fma, vzeroupper, clflush, clflushopt

Memory: 4k page, system-wide physical 16177M (3800M free)
TotalPageFile size 27413M (AvailPageFile size 71M)
current process WorkingSet (physical memory assigned to process): 10M, peak: 10M
current process commit charge ("private bytes"): 64M, peak: 318M

vm_info: Java HotSpot(TM) 64-Bit Server VM (17+35-LTS-2724) for windows-amd64 JRE (17+35-LTS-2724), built on Aug  5 2021 23:28:28 by "mach5one" with MS VC++ 16.8 (VS2019)

END.
